<<<<<<< HEAD
----------------------------------------------------------------
Mon May 13 19:43:51 EDT 2019:
Booting Derby version The Apache Software Foundation - Apache Derby - 10.10.2.0 - (1582446): instance a816c00e-016a-b394-93f7-0000054fae58 
on database directory C:\Users\lucas\git\independent_study_hub\test.db with class loader sun.misc.Launcher$AppClassLoader@73d16e93 
Loaded from file:/C:/Users/lucas/eclipse-workspace-old-eclipse/CS320_Derby/lib/derby.jar
=======
----------------------------------------------------------------
Mon May 13 14:49:59 EDT 2019:
Booting Derby version The Apache Software Foundation - Apache Derby - 10.10.2.0 - (1582446): instance a816c00e-016a-b287-a252-0000058d4c60 
on database directory /Users/Cole/Documents/workspace/independent_study_hub/test.db with class loader sun.misc.Launcher$AppClassLoader@2a139a55 
Loaded from file:/Users/Cole/Documents/workspace/CS320_Derby/lib/derby.jar
>>>>>>> work
java.vendor=Oracle Corporation
java.runtime.version=1.8.0_121-b13
user.dir=/Users/Cole/Documents/workspace/independent_study_hub
os.name=Mac OS X
os.arch=x86_64
os.version=10.14
derby.system.home=null
Database Class Loader started - derby.database.classpath=''
